Arguments: 
  C:\Program Files (x86)\nodejs\node.exe C:\Users\s286\AppData\Roaming\npm\node_modules\yarn\bin\yarn.js add ejs express-ejs-layouts

PATH: 
  C:\Python39\Scripts\;C:\Python39\;C:\WINDOWS\system32;C:\WINDOWS;C:\WINDOWS\System32\Wbem;C:\WINDOWS\System32\WindowsPowerShell\v1.0\;C:\WINDOWS\System32\OpenSSH\;C:\Program Files (x86)\Symantec\VIP Access Client\;C:\Program Files (x86)\Pulse Secure\VC142.CRT\X64\;C:\Program Files (x86)\Pulse Secure\VC142.CRT\X86\;C:\Program Files\dotnet\;C:\Program Files\Microsoft SQL Server\130\Tools\Binn\;C:\Program Files\Microsoft SQL Server\Client SDK\ODBC\170\Tools\Binn\;C:\Program Files (x86)\dotnet\;C:\Program Files (x86)\nodejs\;C:\ProgramData\chocolatey\bin;C:\Users\s286\AppData\Local\Microsoft\WindowsApps;C:\Users\s286\.dotnet\tools;C:\Users\s286\AppData\Local\Programs\Microsoft VS Code\bin;C:\Users\s286\AppData\Roaming\npm

Yarn version: 
  1.22.11

Node version: 
  14.17.0

Platform: 
  win32 ia32

Trace: 
  Error: unable to get local issuer certificate
      at TLSSocket.onConnectSecure (_tls_wrap.js:1507:34)
      at TLSSocket.emit (events.js:376:20)
      at TLSSocket._finishInit (_tls_wrap.js:932:8)
      at TLSWrap.ssl.onhandshakedone (_tls_wrap.js:706:12)

npm manifest: 
  {
    "name": "name",
    "version": "1.0.0",
    "description": "this is afood website",
    "main": "index.js",
    "author": "saibal",
    "license": "MIT"
  }

yarn manifest: 
  No manifest

Lockfile: 
  No lockfile
